10:23:00.052 [main] INFO  n.l.w.a.Application - Starting Application on DESKTOP-MJ31VIF with PID 3568 (F:\development\UAG\syncallsvc\target\classes started by Lenovo in F:\development\UAG\syncallsvc)
10:23:00.057 [main] INFO  n.l.w.a.Application - No active profile set, falling back to default profiles: default
10:23:05.429 [main] INFO  n.l.w.a.Application - Started Application in 5.83 seconds (JVM running for 7.163)
10:26:45.137 [main] INFO  n.l.w.a.Application - Starting Application on DESKTOP-MJ31VIF with PID 17240 (F:\development\UAG\syncallsvc\target\classes started by Lenovo in F:\development\UAG\syncallsvc)
10:26:45.139 [main] INFO  n.l.w.a.Application - No active profile set, falling back to default profiles: default
10:26:49.487 [main] INFO  n.l.w.a.Application - Started Application in 4.622 seconds (JVM running for 5.151)
10:36:48.919 [main] INFO  n.l.w.a.Application - Starting Application on DESKTOP-MJ31VIF with PID 18220 (F:\development\UAG\syncallsvc\target\classes started by Lenovo in F:\development\UAG\syncallsvc)
10:36:48.921 [main] INFO  n.l.w.a.Application - No active profile set, falling back to default profiles: default
10:42:03.883 [main] INFO  n.l.w.a.Application - Starting Application on DESKTOP-MJ31VIF with PID 9744 (F:\development\UAG\syncallsvc\target\classes started by Lenovo in F:\development\UAG\syncallsvc)
10:42:03.886 [main] INFO  n.l.w.a.Application - No active profile set, falling back to default profiles: default
10:45:03.908 [main] INFO  n.l.w.a.Application - Starting Application on DESKTOP-MJ31VIF with PID 9336 (F:\development\UAG\syncallsvc\target\classes started by Lenovo in F:\development\UAG\syncallsvc)
10:45:03.912 [main] INFO  n.l.w.a.Application - No active profile set, falling back to default profiles: default
10:46:19.779 [main] INFO  n.l.w.a.Application - Starting Application on DESKTOP-MJ31VIF with PID 14012 (F:\development\UAG\syncallsvc\target\classes started by Lenovo in F:\development\UAG\syncallsvc)
10:46:19.781 [main] INFO  n.l.w.a.Application - No active profile set, falling back to default profiles: default
10:49:58.465 [main] INFO  n.l.w.a.Application - Starting Application on DESKTOP-MJ31VIF with PID 10776 (F:\development\UAG\syncallsvc\target\classes started by Lenovo in F:\development\UAG\syncallsvc)
10:49:58.467 [main] INFO  n.l.w.a.Application - No active profile set, falling back to default profiles: default
10:51:53.580 [main] INFO  n.l.w.a.Application - Starting Application on DESKTOP-MJ31VIF with PID 20488 (F:\development\UAG\syncallsvc\target\classes started by Lenovo in F:\development\UAG\syncallsvc)
10:51:53.582 [main] INFO  n.l.w.a.Application - No active profile set, falling back to default profiles: default
10:57:53.516 [main] INFO  n.l.w.a.Application - Starting Application on DESKTOP-MJ31VIF with PID 27820 (F:\development\UAG\syncallsvc\target\classes started by Lenovo in F:\development\UAG\syncallsvc)
10:57:53.519 [main] INFO  n.l.w.a.Application - No active profile set, falling back to default profiles: default
11:05:15.890 [main] INFO  n.l.w.a.Application - Starting Application on DESKTOP-MJ31VIF with PID 3340 (F:\development\UAG\syncallsvc\target\classes started by Lenovo in F:\development\UAG\syncallsvc)
11:05:15.892 [main] INFO  n.l.w.a.Application - No active profile set, falling back to default profiles: default
11:05:21.066 [main] INFO  n.l.w.a.Application - Started Application in 5.472 seconds (JVM running for 6.129)
11:33:53.325 [main] INFO  n.l.w.a.Application - Starting Application on DESKTOP-MJ31VIF with PID 18360 (F:\development\UAG\syncallsvc\target\classes started by Lenovo in F:\development\UAG\syncallsvc)
11:33:53.327 [main] INFO  n.l.w.a.Application - No active profile set, falling back to default profiles: default
11:34:56.286 [main] INFO  n.l.w.a.Application - Starting Application on DESKTOP-MJ31VIF with PID 17792 (F:\development\UAG\syncallsvc\target\classes started by Lenovo in F:\development\UAG\syncallsvc)
11:34:56.289 [main] INFO  n.l.w.a.Application - No active profile set, falling back to default profiles: default
11:35:01.430 [main] INFO  n.l.w.a.Application - Started Application in 5.396 seconds (JVM running for 6.085)
11:42:09.997 [main] INFO  n.l.w.a.Application - Starting Application on DESKTOP-MJ31VIF with PID 24060 (F:\development\UAG\syncallsvc\target\classes started by Lenovo in F:\development\UAG\syncallsvc)
11:42:10.000 [main] INFO  n.l.w.a.Application - No active profile set, falling back to default profiles: default
11:43:45.569 [main] INFO  n.l.w.a.Application - Starting Application on DESKTOP-MJ31VIF with PID 19824 (F:\development\UAG\syncallsvc\target\classes started by Lenovo in F:\development\UAG\syncallsvc)
11:43:45.571 [main] INFO  n.l.w.a.Application - No active profile set, falling back to default profiles: default
11:44:11.218 [main] INFO  n.l.w.a.Application - Starting Application on DESKTOP-MJ31VIF with PID 23680 (F:\development\UAG\syncallsvc\target\classes started by Lenovo in F:\development\UAG\syncallsvc)
11:44:11.220 [main] INFO  n.l.w.a.Application - No active profile set, falling back to default profiles: default
11:44:28.119 [main] INFO  n.l.w.a.Application - Starting Application on DESKTOP-MJ31VIF with PID 7540 (F:\development\UAG\syncallsvc\target\classes started by Lenovo in F:\development\UAG\syncallsvc)
11:44:28.121 [main] INFO  n.l.w.a.Application - No active profile set, falling back to default profiles: default
11:44:43.269 [main] INFO  n.l.w.a.Application - Starting Application on DESKTOP-MJ31VIF with PID 2344 (F:\development\UAG\syncallsvc\target\classes started by Lenovo in F:\development\UAG\syncallsvc)
11:44:43.272 [main] INFO  n.l.w.a.Application - No active profile set, falling back to default profiles: default
11:45:50.289 [main] INFO  n.l.w.a.Application - Starting Application on DESKTOP-MJ31VIF with PID 20676 (F:\development\UAG\syncallsvc\target\classes started by Lenovo in F:\development\UAG\syncallsvc)
11:45:50.292 [main] INFO  n.l.w.a.Application - No active profile set, falling back to default profiles: default
11:46:27.303 [main] INFO  n.l.w.a.Application - Starting Application on DESKTOP-MJ31VIF with PID 11788 (F:\development\UAG\syncallsvc\target\classes started by Lenovo in F:\development\UAG\syncallsvc)
11:46:27.306 [main] INFO  n.l.w.a.Application - No active profile set, falling back to default profiles: default
11:48:02.372 [main] INFO  n.l.w.a.Application - Starting Application on DESKTOP-MJ31VIF with PID 18024 (F:\development\UAG\syncallsvc\target\classes started by Lenovo in F:\development\UAG\syncallsvc)
11:48:02.375 [main] INFO  n.l.w.a.Application - No active profile set, falling back to default profiles: default
11:48:19.119 [main] INFO  n.l.w.a.Application - Starting Application on DESKTOP-MJ31VIF with PID 19436 (F:\development\UAG\syncallsvc\target\classes started by Lenovo in F:\development\UAG\syncallsvc)
11:48:19.121 [main] INFO  n.l.w.a.Application - No active profile set, falling back to default profiles: default
11:50:15.869 [main] INFO  n.l.w.a.Application - Starting Application on DESKTOP-MJ31VIF with PID 6300 (F:\development\UAG\syncallsvc\target\classes started by Lenovo in F:\development\UAG\syncallsvc)
11:50:15.871 [main] INFO  n.l.w.a.Application - No active profile set, falling back to default profiles: default
11:50:33.040 [main] INFO  n.l.w.a.Application - Starting Application on DESKTOP-MJ31VIF with PID 7988 (F:\development\UAG\syncallsvc\target\classes started by Lenovo in F:\development\UAG\syncallsvc)
11:50:33.042 [main] INFO  n.l.w.a.Application - No active profile set, falling back to default profiles: default
11:50:43.505 [main] INFO  n.l.w.a.Application - Starting Application on DESKTOP-MJ31VIF with PID 14304 (F:\development\UAG\syncallsvc\target\classes started by Lenovo in F:\development\UAG\syncallsvc)
11:50:43.507 [main] INFO  n.l.w.a.Application - No active profile set, falling back to default profiles: default
11:51:07.269 [main] INFO  n.l.w.a.Application - Starting Application on DESKTOP-MJ31VIF with PID 5588 (F:\development\UAG\syncallsvc\target\classes started by Lenovo in F:\development\UAG\syncallsvc)
11:51:07.270 [main] INFO  n.l.w.a.Application - No active profile set, falling back to default profiles: default
11:52:12.574 [main] INFO  n.l.w.a.Application - Starting Application on DESKTOP-MJ31VIF with PID 13408 (F:\development\UAG\syncallsvc\target\classes started by Lenovo in F:\development\UAG\syncallsvc)
11:52:12.578 [main] INFO  n.l.w.a.Application - No active profile set, falling back to default profiles: default
11:52:20.248 [main] INFO  n.l.w.a.Application - Started Application in 7.985 seconds (JVM running for 8.723)
11:54:29.099 [main] INFO  n.l.w.a.Application - Starting Application on DESKTOP-MJ31VIF with PID 4232 (F:\development\UAG\syncallsvc\target\classes started by Lenovo in F:\development\UAG\syncallsvc)
11:54:29.101 [main] INFO  n.l.w.a.Application - No active profile set, falling back to default profiles: default
11:58:17.184 [main] INFO  n.l.w.a.Application - Starting Application on DESKTOP-MJ31VIF with PID 20376 (F:\development\UAG\syncallsvc\target\classes started by Lenovo in F:\development\UAG\syncallsvc)
11:58:17.186 [main] INFO  n.l.w.a.Application - No active profile set, falling back to default profiles: default
11:58:22.448 [main] INFO  n.l.w.a.Application - Started Application in 5.574 seconds (JVM running for 6.282)
12:11:14.875 [main] INFO  n.l.w.a.Application - Starting Application on DESKTOP-MJ31VIF with PID 28232 (F:\development\UAG\syncallsvc\target\classes started by Lenovo in F:\development\UAG\syncallsvc)
12:11:14.877 [main] INFO  n.l.w.a.Application - No active profile set, falling back to default profiles: default
12:11:20.256 [main] INFO  n.l.w.a.Application - Started Application in 5.689 seconds (JVM running for 6.408)
12:19:27.363 [main] INFO  n.l.w.a.Application - Starting Application on DESKTOP-MJ31VIF with PID 24732 (F:\development\UAG\syncallsvc\target\classes started by Lenovo in F:\development\UAG\syncallsvc)
12:19:27.367 [main] INFO  n.l.w.a.Application - No active profile set, falling back to default profiles: default
12:19:33.107 [main] INFO  n.l.w.a.Application - Started Application in 6.282 seconds (JVM running for 7.511)
12:43:01.678 [main] INFO  n.l.w.a.Application - Starting Application on DESKTOP-MJ31VIF with PID 16940 (F:\development\UAG\syncallsvc\target\classes started by Lenovo in F:\development\UAG\syncallsvc)
12:43:01.682 [main] INFO  n.l.w.a.Application - No active profile set, falling back to default profiles: default
12:45:50.064 [main] INFO  n.l.w.a.Application - Starting Application on DESKTOP-MJ31VIF with PID 25244 (F:\development\UAG\syncallsvc\target\classes started by Lenovo in F:\development\UAG\syncallsvc)
12:45:50.066 [main] INFO  n.l.w.a.Application - No active profile set, falling back to default profiles: default
12:45:56.470 [main] INFO  n.l.w.a.Application - Started Application in 6.67 seconds (JVM running for 7.303)
12:46:48.654 [main] INFO  n.l.w.a.Application - Starting Application on DESKTOP-MJ31VIF with PID 10188 (F:\development\UAG\syncallsvc\target\classes started by Lenovo in F:\development\UAG\syncallsvc)
12:46:48.656 [main] INFO  n.l.w.a.Application - No active profile set, falling back to default profiles: default
12:48:48.338 [main] INFO  n.l.w.a.Application - Starting Application on DESKTOP-MJ31VIF with PID 27680 (F:\development\UAG\syncallsvc\target\classes started by Lenovo in F:\development\UAG\syncallsvc)
12:48:48.340 [main] INFO  n.l.w.a.Application - No active profile set, falling back to default profiles: default
12:48:58.446 [main] INFO  n.l.w.a.Application - Starting Application on DESKTOP-MJ31VIF with PID 25224 (F:\development\UAG\syncallsvc\target\classes started by Lenovo in F:\development\UAG\syncallsvc)
12:48:58.448 [main] INFO  n.l.w.a.Application - No active profile set, falling back to default profiles: default
12:49:07.416 [main] INFO  n.l.w.a.Application - Starting Application on DESKTOP-MJ31VIF with PID 6400 (F:\development\UAG\syncallsvc\target\classes started by Lenovo in F:\development\UAG\syncallsvc)
12:49:07.418 [main] INFO  n.l.w.a.Application - No active profile set, falling back to default profiles: default
12:50:44.651 [main] INFO  n.l.w.a.Application - Starting Application on DESKTOP-MJ31VIF with PID 20780 (F:\development\UAG\syncallsvc\target\classes started by Lenovo in F:\development\UAG\syncallsvc)
12:50:44.655 [main] INFO  n.l.w.a.Application - No active profile set, falling back to default profiles: default
12:52:23.593 [main] INFO  n.l.w.a.Application - Starting Application on DESKTOP-MJ31VIF with PID 4260 (F:\development\UAG\syncallsvc\target\classes started by Lenovo in F:\development\UAG\syncallsvc)
12:52:23.595 [main] INFO  n.l.w.a.Application - No active profile set, falling back to default profiles: default
12:52:29.085 [main] INFO  n.l.w.a.Application - Started Application in 5.795 seconds (JVM running for 6.502)
12:58:41.562 [main] INFO  n.l.w.a.Application - Starting Application on DESKTOP-MJ31VIF with PID 15872 (F:\development\UAG\syncallsvc\target\classes started by Lenovo in F:\development\UAG\syncallsvc)
12:58:41.565 [main] INFO  n.l.w.a.Application - No active profile set, falling back to default profiles: default
12:58:47.010 [main] INFO  n.l.w.a.Application - Started Application in 5.722 seconds (JVM running for 6.422)
13:00:23.350 [main] INFO  n.l.w.a.Application - Starting Application on DESKTOP-MJ31VIF with PID 27180 (F:\development\UAG\syncallsvc\target\classes started by Lenovo in F:\development\UAG\syncallsvc)
13:00:23.352 [main] INFO  n.l.w.a.Application - No active profile set, falling back to default profiles: default
13:00:28.564 [main] INFO  n.l.w.a.Application - Started Application in 5.488 seconds (JVM running for 6.247)
13:02:27.887 [main] INFO  n.l.w.a.Application - Starting Application on DESKTOP-MJ31VIF with PID 16016 (F:\development\UAG\syncallsvc\target\classes started by Lenovo in F:\development\UAG\syncallsvc)
13:02:27.890 [main] INFO  n.l.w.a.Application - No active profile set, falling back to default profiles: default
13:02:33.162 [main] INFO  n.l.w.a.Application - Started Application in 5.559 seconds (JVM running for 6.244)
13:04:04.877 [main] INFO  n.l.w.a.Application - Starting Application on DESKTOP-MJ31VIF with PID 15396 (F:\development\UAG\syncallsvc\target\classes started by Lenovo in F:\development\UAG\syncallsvc)
13:04:04.880 [main] INFO  n.l.w.a.Application - No active profile set, falling back to default profiles: default
13:04:10.929 [main] INFO  n.l.w.a.Application - Started Application in 6.324 seconds (JVM running for 7.004)
13:49:45.929 [main] INFO  n.l.w.a.Application - Starting Application on DESKTOP-MJ31VIF with PID 20840 (F:\development\UAG\syncallsvc\target\classes started by Lenovo in F:\development\UAG\syncallsvc)
13:49:45.933 [main] INFO  n.l.w.a.Application - No active profile set, falling back to default profiles: default
13:49:52.004 [main] INFO  n.l.w.a.Application - Started Application in 6.602 seconds (JVM running for 7.636)
13:51:53.513 [main] INFO  n.l.w.a.Application - Starting Application on DESKTOP-MJ31VIF with PID 12512 (F:\development\UAG\syncallsvc\target\classes started by Lenovo in F:\development\UAG\syncallsvc)
13:51:53.517 [main] INFO  n.l.w.a.Application - No active profile set, falling back to default profiles: default
13:51:59.275 [main] INFO  n.l.w.a.Application - Started Application in 6.049 seconds (JVM running for 6.756)
13:56:12.801 [main] INFO  n.l.w.a.Application - Starting Application on DESKTOP-MJ31VIF with PID 25348 (F:\development\UAG\syncallsvc\target\classes started by Lenovo in F:\development\UAG\syncallsvc)
13:56:12.804 [main] INFO  n.l.w.a.Application - No active profile set, falling back to default profiles: default
13:56:18.410 [main] INFO  n.l.w.a.Application - Started Application in 5.901 seconds (JVM running for 6.641)
13:59:50.570 [main] INFO  n.l.w.a.Application - Starting Application on DESKTOP-MJ31VIF with PID 18476 (F:\development\UAG\syncallsvc\target\classes started by Lenovo in F:\development\UAG\syncallsvc)
13:59:50.572 [main] INFO  n.l.w.a.Application - No active profile set, falling back to default profiles: default
13:59:55.636 [main] INFO  n.l.w.a.Application - Started Application in 5.365 seconds (JVM running for 6.098)
14:03:09.324 [main] INFO  n.l.w.a.Application - Starting Application on DESKTOP-MJ31VIF with PID 26148 (F:\development\UAG\syncallsvc\target\classes started by Lenovo in F:\development\UAG\syncallsvc)
14:03:09.326 [main] INFO  n.l.w.a.Application - No active profile set, falling back to default profiles: default
14:04:45.500 [main] INFO  n.l.w.a.Application - Starting Application on DESKTOP-MJ31VIF with PID 27260 (F:\development\UAG\syncallsvc\target\classes started by Lenovo in F:\development\UAG\syncallsvc)
14:04:45.502 [main] INFO  n.l.w.a.Application - No active profile set, falling back to default profiles: default
14:08:34.760 [main] INFO  n.l.w.a.Application - Starting Application on DESKTOP-MJ31VIF with PID 28540 (F:\development\UAG\syncallsvc\target\classes started by Lenovo in F:\development\UAG\syncallsvc)
14:08:34.764 [main] INFO  n.l.w.a.Application - No active profile set, falling back to default profiles: default
14:08:41.816 [main] INFO  n.l.w.a.Application - Started Application in 7.426 seconds (JVM running for 8.354)
14:11:08.503 [main] INFO  n.l.w.a.Application - Starting Application on DESKTOP-MJ31VIF with PID 27300 (F:\development\UAG\syncallsvc\target\classes started by Lenovo in F:\development\UAG\syncallsvc)
14:11:08.505 [main] INFO  n.l.w.a.Application - No active profile set, falling back to default profiles: default
14:11:15.295 [main] INFO  n.l.w.a.Application - Started Application in 7.181 seconds (JVM running for 8.072)
14:18:55.878 [main] INFO  n.l.w.a.Application - Starting Application on DESKTOP-MJ31VIF with PID 12068 (F:\development\UAG\syncallsvc\target\classes started by Lenovo in F:\development\UAG\syncallsvc)
14:18:55.882 [main] INFO  n.l.w.a.Application - No active profile set, falling back to default profiles: default
14:19:03.431 [main] INFO  n.l.w.a.Application - Started Application in 7.902 seconds (JVM running for 8.829)
14:21:19.882 [main] INFO  n.l.w.s.Application - Starting Application on DESKTOP-MJ31VIF with PID 11032 (F:\development\UAG\syncallsvc\target\classes started by Lenovo in F:\development\UAG\syncallsvc)
14:21:19.886 [main] INFO  n.l.w.s.Application - No active profile set, falling back to default profiles: default
14:21:26.669 [main] INFO  n.l.w.s.Application - Started Application in 7.182 seconds (JVM running for 8.048)
14:27:22.772 [main] INFO  n.l.w.s.Application - Starting Application on DESKTOP-MJ31VIF with PID 1032 (F:\development\UAG\syncallsvc\target\classes started by Lenovo in F:\development\UAG\syncallsvc)
14:27:22.775 [main] INFO  n.l.w.s.Application - No active profile set, falling back to default profiles: default
14:27:29.549 [main] INFO  n.l.w.s.Application - Started Application in 7.166 seconds (JVM running for 8.381)
14:30:32.647 [main] INFO  n.l.w.s.Application - Starting Application on DESKTOP-MJ31VIF with PID 10972 (F:\development\UAG\syncallsvc\target\classes started by Lenovo in F:\development\UAG\syncallsvc)
14:30:32.650 [main] INFO  n.l.w.s.Application - No active profile set, falling back to default profiles: default
14:30:39.200 [main] INFO  n.l.w.s.Application - Started Application in 6.936 seconds (JVM running for 7.772)
14:34:24.526 [main] INFO  n.l.w.s.Application - Starting Application on DESKTOP-MJ31VIF with PID 20760 (F:\development\UAG\syncallsvc\target\classes started by Lenovo in F:\development\UAG\syncallsvc)
14:34:24.528 [main] INFO  n.l.w.s.Application - No active profile set, falling back to default profiles: default
14:34:31.416 [main] INFO  n.l.w.s.Application - Started Application in 7.234 seconds (JVM running for 8.193)
14:52:11.806 [main] INFO  n.l.w.s.Application - Starting Application on DESKTOP-MJ31VIF with PID 25176 (F:\development\UAG\syncallsvc\target\classes started by Lenovo in F:\development\UAG\syncallsvc)
14:52:11.832 [main] INFO  n.l.w.s.Application - No active profile set, falling back to default profiles: default
14:52:18.558 [main] INFO  n.l.w.s.Application - Started Application in 7.196 seconds (JVM running for 8.243)
14:56:19.230 [main] INFO  n.l.w.s.Application - Starting Application on DESKTOP-MJ31VIF with PID 13176 (F:\development\UAG\syncallsvc\target\classes started by Lenovo in F:\development\UAG\syncallsvc)
14:56:19.233 [main] INFO  n.l.w.s.Application - No active profile set, falling back to default profiles: default
14:56:42.457 [main] INFO  n.l.w.s.Application - Starting Application on DESKTOP-MJ31VIF with PID 16940 (F:\development\UAG\syncallsvc\target\classes started by Lenovo in F:\development\UAG\syncallsvc)
14:56:42.464 [main] INFO  n.l.w.s.Application - No active profile set, falling back to default profiles: default
14:57:11.837 [main] INFO  n.l.w.s.Application - Starting Application on DESKTOP-MJ31VIF with PID 9296 (F:\development\UAG\syncallsvc\target\classes started by Lenovo in F:\development\UAG\syncallsvc)
14:57:11.839 [main] INFO  n.l.w.s.Application - No active profile set, falling back to default profiles: default
14:57:17.210 [main] INFO  n.l.w.s.Application - Started Application in 5.638 seconds (JVM running for 6.292)
15:01:03.495 [main] INFO  n.l.w.s.Application - Starting Application on DESKTOP-MJ31VIF with PID 24792 (F:\development\UAG\syncallsvc\target\classes started by Lenovo in F:\development\UAG\syncallsvc)
15:01:03.498 [main] INFO  n.l.w.s.Application - No active profile set, falling back to default profiles: default
15:01:09.175 [main] INFO  n.l.w.s.Application - Started Application in 5.974 seconds (JVM running for 6.724)
15:01:56.365 [main] INFO  n.l.w.s.Application - Starting Application on DESKTOP-MJ31VIF with PID 1032 (F:\development\UAG\syncallsvc\target\classes started by Lenovo in F:\development\UAG\syncallsvc)
15:01:56.367 [main] INFO  n.l.w.s.Application - No active profile set, falling back to default profiles: default
15:02:02.063 [main] INFO  n.l.w.s.Application - Started Application in 5.983 seconds (JVM running for 6.651)
15:09:29.780 [main] INFO  n.l.w.s.Application - Starting Application on DESKTOP-MJ31VIF with PID 15468 (F:\development\UAG\syncallsvc\target\classes started by Lenovo in F:\development\UAG\syncallsvc)
15:09:29.783 [main] INFO  n.l.w.s.Application - No active profile set, falling back to default profiles: default
15:09:35.199 [main] INFO  n.l.w.s.Application - Started Application in 5.73 seconds (JVM running for 6.547)
15:10:56.188 [main] INFO  n.l.w.s.Application - Starting Application on DESKTOP-MJ31VIF with PID 10432 (F:\development\UAG\syncallsvc\target\classes started by Lenovo in F:\development\UAG\syncallsvc)
15:10:56.197 [main] INFO  n.l.w.s.Application - No active profile set, falling back to default profiles: default
15:11:01.714 [main] INFO  n.l.w.s.Application - Started Application in 5.805 seconds (JVM running for 6.5)
15:19:22.523 [main] INFO  n.l.w.s.Application - Starting Application on DESKTOP-MJ31VIF with PID 18204 (F:\development\UAG\syncallsvc\target\classes started by Lenovo in F:\development\UAG\syncallsvc)
15:19:22.525 [main] INFO  n.l.w.s.Application - No active profile set, falling back to default profiles: default
15:19:29.750 [main] INFO  n.l.w.s.Application - Started Application in 7.705 seconds (JVM running for 8.98)
15:22:30.067 [main] INFO  n.l.w.s.Application - Starting Application on DESKTOP-MJ31VIF with PID 6768 (F:\development\UAG\syncallsvc\target\classes started by Lenovo in F:\development\UAG\syncallsvc)
15:22:30.070 [main] INFO  n.l.w.s.Application - No active profile set, falling back to default profiles: default
15:22:36.243 [main] INFO  n.l.w.s.Application - Started Application in 6.493 seconds (JVM running for 7.265)
15:40:26.792 [main] INFO  n.l.w.s.Application - Starting Application on DESKTOP-MJ31VIF with PID 15808 (F:\development\UAG\syncallsvc\target\classes started by Lenovo in F:\development\UAG\syncallsvc)
15:40:26.794 [main] INFO  n.l.w.s.Application - No active profile set, falling back to default profiles: default
15:40:33.814 [main] INFO  n.l.w.s.Application - Started Application in 7.336 seconds (JVM running for 8.084)
15:41:46.718 [main] INFO  n.l.w.s.Application - Starting Application on DESKTOP-MJ31VIF with PID 7844 (F:\development\UAG\syncallsvc\target\classes started by Lenovo in F:\development\UAG\syncallsvc)
15:41:46.729 [main] INFO  n.l.w.s.Application - No active profile set, falling back to default profiles: default
15:41:53.145 [main] INFO  n.l.w.s.Application - Started Application in 6.722 seconds (JVM running for 7.561)
15:49:46.746 [main] INFO  n.l.w.s.Application - Starting Application on DESKTOP-MJ31VIF with PID 28396 (F:\development\UAG\syncallsvc\target\classes started by Lenovo in F:\development\UAG\syncallsvc)
15:49:46.750 [main] INFO  n.l.w.s.Application - No active profile set, falling back to default profiles: default
15:49:52.611 [main] INFO  n.l.w.s.Application - Started Application in 6.204 seconds (JVM running for 7.344)
16:08:53.917 [main] INFO  n.l.w.s.Application - Starting Application on DESKTOP-MJ31VIF with PID 18836 (F:\development\UAG\syncallsvc\target\classes started by Lenovo in F:\development\UAG\syncallsvc)
16:08:53.936 [main] INFO  n.l.w.s.Application - No active profile set, falling back to default profiles: default
16:09:03.983 [main] INFO  n.l.w.s.Application - Started Application in 10.757 seconds (JVM running for 15.03)
16:35:43.687 [main] INFO  n.l.w.s.Application - Starting Application on DESKTOP-MJ31VIF with PID 20412 (F:\development\UAG\syncallsvc\target\classes started by Lenovo in F:\development\UAG\syncallsvc)
16:35:43.690 [main] INFO  n.l.w.s.Application - No active profile set, falling back to default profiles: default
16:35:50.291 [main] INFO  n.l.w.s.Application - Started Application in 6.97 seconds (JVM running for 7.852)
17:08:27.445 [main] INFO  n.l.w.s.Application - Starting Application on DESKTOP-MJ31VIF with PID 25948 (F:\development\UAG\syncallsvc\target\classes started by Lenovo in F:\development\UAG\syncallsvc)
17:08:27.448 [main] INFO  n.l.w.s.Application - No active profile set, falling back to default profiles: default
17:08:32.698 [main] INFO  n.l.w.s.Application - Started Application in 5.551 seconds (JVM running for 6.255)
17:18:29.134 [main] INFO  n.l.w.s.Application - Starting Application on DESKTOP-MJ31VIF with PID 18376 (F:\development\UAG\syncallsvc\target\classes started by Lenovo in F:\development\UAG\syncallsvc)
17:18:29.137 [main] INFO  n.l.w.s.Application - No active profile set, falling back to default profiles: default
17:18:50.040 [main] INFO  n.l.w.s.Application - Starting Application on DESKTOP-MJ31VIF with PID 13672 (F:\development\UAG\syncallsvc\target\classes started by Lenovo in F:\development\UAG\syncallsvc)
17:18:50.048 [main] INFO  n.l.w.s.Application - No active profile set, falling back to default profiles: default
17:18:55.623 [main] INFO  n.l.w.s.Application - Started Application in 5.863 seconds (JVM running for 6.531)
17:33:40.979 [main] INFO  n.l.w.s.Application - Starting Application on DESKTOP-MJ31VIF with PID 21120 (F:\development\UAG\syncallsvc\target\classes started by Lenovo in F:\development\UAG\syncallsvc)
17:33:40.982 [main] INFO  n.l.w.s.Application - No active profile set, falling back to default profiles: default
17:33:46.197 [main] INFO  n.l.w.s.Application - Started Application in 5.541 seconds (JVM running for 6.238)
17:34:04.835 [main] INFO  n.l.w.s.Application - Starting Application on DESKTOP-MJ31VIF with PID 27700 (F:\development\UAG\syncallsvc\target\classes started by Lenovo in F:\development\UAG\syncallsvc)
17:34:04.838 [main] INFO  n.l.w.s.Application - No active profile set, falling back to default profiles: default
17:34:10.139 [main] INFO  n.l.w.s.Application - Started Application in 5.581 seconds (JVM running for 6.269)
17:36:48.201 [main] INFO  n.l.w.s.Application - Starting Application on DESKTOP-MJ31VIF with PID 6980 (F:\development\UAG\syncallsvc\target\classes started by Lenovo in F:\development\UAG\syncallsvc)
17:36:48.204 [main] INFO  n.l.w.s.Application - No active profile set, falling back to default profiles: default
17:36:53.566 [main] INFO  n.l.w.s.Application - Started Application in 5.632 seconds (JVM running for 6.416)
17:38:51.312 [main] INFO  n.l.w.s.Application - Starting Application on DESKTOP-MJ31VIF with PID 5564 (F:\development\UAG\syncallsvc\target\classes started by Lenovo in F:\development\UAG\syncallsvc)
17:38:51.314 [main] INFO  n.l.w.s.Application - No active profile set, falling back to default profiles: default
17:38:56.508 [main] INFO  n.l.w.s.Application - Started Application in 5.517 seconds (JVM running for 6.19)
17:45:31.930 [main] INFO  n.l.w.s.Application - Starting Application on DESKTOP-MJ31VIF with PID 16848 (F:\development\UAG\syncallsvc\target\classes started by Lenovo in F:\development\UAG\syncallsvc)
17:45:31.932 [main] INFO  n.l.w.s.Application - No active profile set, falling back to default profiles: default
17:45:37.382 [main] INFO  n.l.w.s.Application - Started Application in 5.701 seconds (JVM running for 6.385)
17:47:52.431 [main] INFO  n.l.w.s.Application - Starting Application on DESKTOP-MJ31VIF with PID 27732 (F:\development\UAG\syncallsvc\target\classes started by Lenovo in F:\development\UAG\syncallsvc)
17:47:52.433 [main] INFO  n.l.w.s.Application - No active profile set, falling back to default profiles: default
17:47:58.119 [main] INFO  n.l.w.s.Application - Started Application in 6.01 seconds (JVM running for 6.783)
17:58:32.354 [main] INFO  n.l.w.s.Application - Starting Application on DESKTOP-MJ31VIF with PID 16388 (F:\development\UAG\syncallsvc\target\classes started by Lenovo in F:\development\UAG\syncallsvc)
17:58:32.357 [main] INFO  n.l.w.s.Application - No active profile set, falling back to default profiles: default
17:58:37.471 [main] INFO  n.l.w.s.Application - Started Application in 5.394 seconds (JVM running for 6.073)
17:59:35.206 [main] INFO  n.l.w.s.Application - Starting Application on DESKTOP-MJ31VIF with PID 26680 (F:\development\UAG\syncallsvc\target\classes started by Lenovo in F:\development\UAG\syncallsvc)
17:59:35.209 [main] INFO  n.l.w.s.Application - No active profile set, falling back to default profiles: default
17:59:40.378 [main] INFO  n.l.w.s.Application - Started Application in 5.427 seconds (JVM running for 6.058)
18:01:06.006 [main] INFO  n.l.w.s.Application - Starting Application on DESKTOP-MJ31VIF with PID 17996 (F:\development\UAG\syncallsvc\target\classes started by Lenovo in F:\development\UAG\syncallsvc)
18:01:06.008 [main] INFO  n.l.w.s.Application - No active profile set, falling back to default profiles: default
18:01:11.125 [main] INFO  n.l.w.s.Application - Started Application in 5.414 seconds (JVM running for 6.107)
18:06:27.895 [main] INFO  n.l.w.s.Application - Starting Application on DESKTOP-MJ31VIF with PID 20724 (F:\development\UAG\syncallsvc\target\classes started by Lenovo in F:\development\UAG\syncallsvc)
18:06:27.899 [main] INFO  n.l.w.s.Application - No active profile set, falling back to default profiles: default
18:06:33.272 [main] INFO  n.l.w.s.Application - Started Application in 5.639 seconds (JVM running for 6.406)
18:12:02.633 [main] INFO  n.l.w.s.Application - Starting Application on DESKTOP-MJ31VIF with PID 14568 (F:\development\UAG\syncallsvc\target\classes started by Lenovo in F:\development\UAG\syncallsvc)
18:12:02.634 [main] INFO  n.l.w.s.Application - No active profile set, falling back to default profiles: default
18:12:08.104 [main] INFO  n.l.w.s.Application - Started Application in 5.743 seconds (JVM running for 6.474)
18:19:06.814 [main] INFO  n.l.w.s.Application - Starting Application on DESKTOP-MJ31VIF with PID 1484 (F:\development\UAG\syncallsvc\target\classes started by Lenovo in F:\development\UAG\syncallsvc)
18:19:06.816 [main] INFO  n.l.w.s.Application - No active profile set, falling back to default profiles: default
18:19:12.430 [main] INFO  n.l.w.s.Application - Started Application in 5.943 seconds (JVM running for 6.809)
18:21:07.989 [main] INFO  n.l.w.s.Application - Starting Application on DESKTOP-MJ31VIF with PID 25984 (F:\development\UAG\syncallsvc\target\classes started by Lenovo in F:\development\UAG\syncallsvc)
18:21:07.992 [main] INFO  n.l.w.s.Application - No active profile set, falling back to default profiles: default
18:21:13.315 [main] INFO  n.l.w.s.Application - Started Application in 5.598 seconds (JVM running for 6.606)
